<?xml version="1.0" encoding="UTF-8"?>
<!-- Generated by org.testng.reporters.JUnitReportReporter -->
<testsuite hostname="DESKTOP-4U27L9N" failures="0" tests="5" name="runners.TestRunner" time="57.018" errors="0" timestamp="2025-04-24T11:05:26 IST" skipped="0">
  <testcase classname="runners.TestRunner" name="runScenario" time="10.460"/>
  <testcase classname="runners.TestRunner" name="runScenario" time="15.825"/>
  <testcase classname="runners.TestRunner" name="runScenario" time="10.315"/>
  <testcase classname="runners.TestRunner" name="runScenario" time="10.230"/>
  <testcase classname="runners.TestRunner" name="runScenario" time="10.188"/>
</testsuite> <!-- runners.TestRunner -->
