<?xml version="1.0" encoding="UTF-8"?>
<!-- Generated by org.testng.reporters.JUnitReportReporter -->
<testsuite hostname="DESKTOP-4U27L9N" failures="0" tests="3" name="runners.TestRunner" time="45.239" errors="0" timestamp="2025-04-23T16:36:45 IST" skipped="0">
  <testcase classname="runners.TestRunner" name="runScenario" time="17.382"/>
  <testcase classname="runners.TestRunner" name="runScenario" time="11.904"/>
  <testcase classname="runners.TestRunner" name="runScenario" time="15.953"/>
</testsuite> <!-- runners.TestRunner -->
