<?xml version="1.0" encoding="UTF-8"?>
<!-- Generated by org.testng.reporters.JUnitReportReporter -->
<testsuite hostname="DESKTOP-4U27L9N" failures="0" tests="1" name="runners.TestRunner" time="15.723" errors="0" timestamp="2025-04-23T16:39:56 IST" skipped="0">
  <testcase classname="runners.TestRunner" name="runScenario" time="15.723"/>
</testsuite> <!-- runners.TestRunner -->
